[36mvite v5.4.21 [32mbuilding for production...[36m[39m
transforming...
node.exe : Error: 
Cannot apply unknown 
utility class 
`bg-brand-light`. Are 
you using CSS modules 
or similar and 
missing `@reference`? 
https://tailwindcss.co
m/docs/functions-and-d
irectives#reference-di
rective
At line:1 char:1
+ & 
"R:\Node.js/node.exe" 
"R:\Node.js/node_modul
es/npm/bin/npx-cli.js"
  ...
+ ~~~~~~~~~~~~~~~~~~~~
~~~~~~~~~~~~~~~~~~~~~~
~~~~~~~~~~~~~~~~~~~~~~
~~~~~
    + CategoryInfo    
          : NotSpeci  
  fied: (Error: Can   
 not a...rence-dir    
ective:String) []    
, RemoteException
    + FullyQualifiedE 
   rrorId : NativeCo  
  mmandError
 
    at 
onInvalidCandidate 
(R:\port\Task 3\portfo
lio-react\node_modules
\tailwindcss\dist\lib.
js:21:1314)
    at Ee 
(R:\port\Task 3\portfo
lio-react\node_modules
\tailwindcss\dist\lib.
js:16:37066)
    at R:\port\Task 3\
portfolio-react\node_m
odules\tailwindcss\dis
t\lib.js:21:355
    at Pr 
(R:\port\Task 3\portfo
lio-react\node_modules
\tailwindcss\dist\lib.
js:3:1733)
    at _ 
(R:\port\Task 3\portfo
lio-react\node_modules
\tailwindcss\dist\lib.
js:3:1377)
    at Te 
(R:\port\Task 3\portfo
lio-react\node_modules
\tailwindcss\dist\lib.
js:21:172)
    at pn 
(R:\port\Task 3\portfo
lio-react\node_modules
\tailwindcss\dist\lib.
js:38:294)
    at async dn 
(R:\port\Task 3\portfo
lio-react\node_modules
\tailwindcss\dist\lib.
js:38:631)
    at async Xr 
(R:\port\Task 3\portfo
lio-react\node_modules
\@tailwindcss\node\dis
t\index.js:10:3417)
    at async N 
(R:\port\Task 3\portfo
lio-react\node_modules
\@tailwindcss\postcss\
dist\index.js:10:3979)
[32m[39m 3 modules transformed.
[31mx[39m Build 
failed in 2.23s
[31merror during 
build:
[31m[vite:css] 
[postcss] 
tailwindcss: 
R:/port/Task 3/portfol
io-react/src/index.css
:1:1: Cannot apply 
unknown utility class 
`bg-brand-light`. Are 
you using CSS modules 
or similar and 
missing `@reference`? 
https://tailwindcss.co
m/docs/functions-and-d
irectives#reference-di
rective[31m
file: 
[36mR:/port/Task 3/po
rtfolio-react/src/inde
x.css:1:0[31m
    at Input.error 
(R:\port\Task 3\portfo
lio-react\node_modules
\postcss\lib\input.js:
135:16)
    at Root.error 
(R:\port\Task 3\portfo
lio-react\node_modules
\postcss\lib\node.js:1
46:32)
    at Object.Once 
(R:\port\Task 3\portfo
lio-react\node_modules
\@tailwindcss\postcss\
dist\index.js:10:6913)
    at async 
LazyResult.runAsync 
(R:\port\Task 3\portfo
lio-react\node_modules
\postcss\lib\lazy-resu
lt.js:293:11)
    at async 
compileCSS (file:///R:
/port/Task%203/portfol
io-react/node_modules/
vite/dist/node/chunks/
dep-BK3b2jBa.js:36898:
21)
    at async 
Object.transform (file
:///R:/port/Task%203/p
ortfolio-react/node_mo
dules/vite/dist/node/c
hunks/dep-BK3b2jBa.js:
36171:11)
    at async 
transform (file:///R:/
port/Task%203/portfoli
o-react/node_modules/r
ollup/dist/es/shared/n
ode-entry.js:21246:16)
    at async ModuleLoa
der.addModuleSource (f
ile:///R:/port/Task%20
3/portfolio-react/node
_modules/rollup/dist/e
s/shared/node-entry.js
:21474:36)[39m
